ispLEVER Auto-Make Log File
---------------------------

Updating: Fit Design
Start to record tcl script...
Finished recording TCL script.

Starting: 'C:\ispLEVER_Classic2_0\ispcpld\bin\syndpm.exe -i jukebox.laf -if laf -p ispLSI1016-110LJ44 -pd "c:\users\tim\desktop\classes\eecs52\software\abel" -gui -of vhdl -of verilog'

arg[0] = C:\ispLEVER_Classic2_0\ispcomp\bin\dpm.exe
arg[1] = -i
arg[2] = "c:\users\tim\desktop\classes\eecs52\software\abel\jukebox.laf"
arg[3] = -if
arg[4] = laf
arg[5] = -p
arg[6] = ispLSI1016-110LJ44
arg[7] = -of
arg[8] = vhdl
arg[9] = -of
arg[10] = verilog
arg[11] = -s
arg[12] = d
arg[13] = -e
arg[14] = 2
arg[15] = -z
arg[16] = -m
arg[17] = 16
arg[18] = -n
arg[19] = 4
arg[20] = -ta
arg[21] = on
arg[22] = -y
arg[23] = "c:\users\tim\desktop\classes\eecs52\software\abel\Jukebox.xpn"
arg[24] = -r
arg[25] = "c:\users\tim\desktop\classes\eecs52\software\abel\ispxpert.par"
cmd line = C:\ispLEVER_Classic2_0\ispcomp\bin\dpm.exe -i "c:\users\tim\desktop\classes\eecs52\software\abel\jukebox.laf" -if laf -p ispLSI1016-110LJ44 -of vhdl -of verilog -s d -e 2 -z -m 16 -n 4 -ta on -y "c:\users\tim\desktop\classes\eecs52\software\abel\Jukebox.xpn" -r "c:\users\tim\desktop\classes\eecs52\software\abel\ispxpert.par" 
ispEXPERT Compiler Release 2.0.00.17.20.15, May 20 2002 13:06:40

Copyright (C) 1994-2000 by Lattice Semiconductor Corporation.
All Rights Reserved.


Design Process Management 

Renaming existing log file to jukebox.lo-
Renaming existing rpt file to jukebox.rp-

Preprocessing design 'jukebox'...

Processing design 'jukebox'...


Logical LAF Reading and Translation 
  
Reading file 'c:\users\tim\desktop\classes\eecs52\software\abel\jukebox-
      .laf'... 
  
Checking design rules... 
Selected part is 'ispLSI1016-110LJ44' 
32581 WARNING: Option 'SLOWSLEW OFF' is not valid for part 
      'ispLSI1016-110LJ44'; option 'SLOWSLEW OFF' is ignored 
32345 ERROR: Number of pins required, 38, exceeds maximum number of 
      available pins, 35, in part 'ispLSI1016-110LJ44' 
32346 ERROR: Number of output pins and bidirectional pins (not including
      those BIDI pins locked to device input pins), 29, exceeds number 
      of IOC pins available for use in output mode, 24, in part 
      'ispLSI1016-110LJ44' 
  
Logical LAF reading and translation completed with errors 


Design process management completed with errors

Done: failed with exit code: 0002.
