Removed Pin From Net: NetName=GND Pin=C1-1
Removed Pin From Net: NetName=VCC Pin=C1-2
Change Component DesignItemId : Designator=C1 Old DesignItemId=Cap Pol1 New DesignItemId=Cap Pol3
Change Component DesignItemId : Designator=C2 Old DesignItemId=Cap Pol1 New DesignItemId=Cap Pol3
Change Component DesignItemId : Designator=C3 Old DesignItemId=Cap Pol1 New DesignItemId=Cap Pol3
Change Component DesignItemId : Designator=C4 Old DesignItemId=Cap Pol1 New DesignItemId=Cap Pol3
Change Component DesignItemId : Designator=C5 Old DesignItemId=Cap Pol1 New DesignItemId=Cap Pol3
Change Component DesignItemId : Designator=C6 Old DesignItemId=Cap Pol1 New DesignItemId=Cap Pol3
Change Component DesignItemId : Designator=C7 Old DesignItemId=Cap Pol1 New DesignItemId=Cap Pol3
Change Component DesignItemId : Designator=C8 Old DesignItemId=Cap Pol1 New DesignItemId=Cap Pol3
Change Component DesignItemId : Designator=C9 Old DesignItemId=Cap Pol1 New DesignItemId=Cap Pol3
Change Component DesignItemId : Designator=C10 Old DesignItemId=Cap Pol1 New DesignItemId=Cap Pol3
Change Component DesignItemId : Designator=C11 Old DesignItemId=Cap Pol1 New DesignItemId=Cap Pol3
Change Component DesignItemId : Designator=C12 Old DesignItemId=Cap Pol1 New DesignItemId=Cap Pol3
Change Component DesignItemId : Designator=C13 Old DesignItemId=Cap Pol1 New DesignItemId=Cap Pol3
Change Component Footprint: Designator=C1 Old Footprint=RB7.6-15 New Footprint=C0805
Change Component Footprint: Designator=C2 Old Footprint=RB7.6-15 New Footprint=C0805
Change Component Footprint: Designator=C3 Old Footprint=RB7.6-15 New Footprint=C0805
Change Component Footprint: Designator=C4 Old Footprint=RB7.6-15 New Footprint=C0805
Change Component Footprint: Designator=C5 Old Footprint=RB7.6-15 New Footprint=C0805
Change Component Footprint: Designator=C6 Old Footprint=RB7.6-15 New Footprint=C0805
Change Component Footprint: Designator=C7 Old Footprint=RB7.6-15 New Footprint=C0805
Change Component Footprint: Designator=C8 Old Footprint=RB7.6-15 New Footprint=C0805
Change Component Footprint: Designator=C9 Old Footprint=RB7.6-15 New Footprint=C0805
Change Component Footprint: Designator=C10 Old Footprint=RB7.6-15 New Footprint=C0805
Change Component Footprint: Designator=C11 Old Footprint=RB7.6-15 New Footprint=C0805
Change Component Footprint: Designator=C12 Old Footprint=RB7.6-15 New Footprint=C0805
Change Component Footprint: Designator=C13 Old Footprint=RB7.6-15 New Footprint=C0805
Change Component Comment : Designator=C1 Old Comment=Cap Pol1 New Comment=Cap Pol3
Change Component Comment : Designator=C2 Old Comment=Cap Pol1 New Comment=Cap Pol3
Change Component Comment : Designator=C3 Old Comment=Cap Pol1 New Comment=Cap Pol3
Change Component Comment : Designator=C4 Old Comment=Cap Pol1 New Comment=Cap Pol3
Change Component Comment : Designator=C5 Old Comment=Cap Pol1 New Comment=Cap Pol3
Change Component Comment : Designator=C6 Old Comment=Cap Pol1 New Comment=Cap Pol3
Change Component Comment : Designator=C7 Old Comment=Cap Pol1 New Comment=Cap Pol3
Change Component Comment : Designator=C8 Old Comment=Cap Pol1 New Comment=Cap Pol3
Change Component Comment : Designator=C9 Old Comment=Cap Pol1 New Comment=Cap Pol3
Change Component Comment : Designator=C10 Old Comment=Cap Pol1 New Comment=Cap Pol3
Change Component Comment : Designator=C11 Old Comment=Cap Pol1 New Comment=Cap Pol3
Change Component Comment : Designator=C12 Old Comment=Cap Pol1 New Comment=Cap Pol3
Change Component Comment : Designator=C13 Old Comment=Cap Pol1 New Comment=Cap Pol3
Added Pin To Net: NetName=VCC Pin=C1-1
Added Pin To Net: NetName=GND Pin=C1-2
