Removed Pin From Net: NetName=VCC Pin=R3-1
Removed Pin From Net: NetName=NetR13_2 Pin=R3-2
Removed Pin From Net: NetName=CPU_PCS0 Pin=U10-2
Removed Pin From Net: NetName=CPU_PCS1 Pin=U10-3
Removed Pin From Net: NetName=CPU_PCS2 Pin=U10-4
Removed Pin From Net: NetName=CPU_PCS4 Pin=U10-6
Removed Pin From Net: NetName=CPU_PCS5 Pin=U10-7
Removed Pin From Net: NetName=CPU_PCS6 Pin=U10-8
Added Component: Designator=R13(AXIAL-0.3)
Added Pin To Net: NetName=GND Pin=R3-1
Added Pin To Net: NetName=NetR3_2 Pin=R3-2
Added Pin To Net: NetName=VCC Pin=R3-1
Added Pin To Net: NetName=NetR13_2 Pin=R3-2
Added Pin To Net: NetName=CPU_PCS6 Pin=U10-2
Added Pin To Net: NetName=CPU_PCS5 Pin=U10-3
Added Pin To Net: NetName=CPU_PCS4 Pin=U10-4
Added Pin To Net: NetName=CPU_PCS2 Pin=U10-6
Added Pin To Net: NetName=CPU_PCS1 Pin=U10-7
Added Pin To Net: NetName=CPU_PCS0 Pin=U10-8
Added Member To Class: ClassName=Jukebox Schematic Member=Component R13 Res1
