Added Component: Designator=R2(AXIAL-0.3)
Added Component: Designator=R15(AXIAL-0.3)
Added Component: Designator=R22(AXIAL-0.3)
Added Component: Designator=R26(AXIAL-0.3)
Added Component: Designator=R27(AXIAL-0.3)
Added Pin To Net: NetName=VCC Pin=R2-1
Added Pin To Net: NetName=NetPB1_2 Pin=R2-2
Added Pin To Net: NetName=VCC Pin=R15-1
Added Pin To Net: NetName=NetR15_2 Pin=R15-2
Added Pin To Net: NetName=GND Pin=R22-1
Added Pin To Net: NetName=NetPB1_2 Pin=R22-2
Added Pin To Net: NetName=VCC Pin=R26-1
Added Pin To Net: NetName=NetR26_2 Pin=R26-2
Added Pin To Net: NetName=VCC Pin=R27-1
Added Pin To Net: NetName=NetR27_2 Pin=R27-2
Added Member To Class: ClassName=Jukebox Schematic Member=Component R2 Res1
Added Member To Class: ClassName=Jukebox Schematic Member=Component R15 Res1
Added Member To Class: ClassName=Jukebox Schematic Member=Component R22 Res1
Added Member To Class: ClassName=Jukebox Schematic Member=Component R26 Res1
Added Member To Class: ClassName=Jukebox Schematic Member=Component R27 Res1
Added Rule: Name=Schematic Width Constraint
Added Rule: Name=Schematic Width Constraint_1
