Removed Pin From Net: NetName=GND Pin=C0-1
Removed Pin From Net: NetName=GND Pin=C1-1
Removed Pin From Net: NetName=GND Pin=C2-1
Removed Pin From Net: NetName=GND Pin=C3-1
Removed Pin From Net: NetName=GND Pin=C4-1
Removed Pin From Net: NetName=GND Pin=C5-1
Removed Pin From Net: NetName=GND Pin=C6-1
Removed Pin From Net: NetName=GND Pin=C7-1
Removed Pin From Net: NetName=GND Pin=C8-1
Removed Pin From Net: NetName=GND Pin=C9-1
Removed Pin From Net: NetName=GND Pin=C10-1
Removed Pin From Net: NetName=GND Pin=C12-1
Removed Pin From Net: NetName=GND Pin=CPU-9
Removed Pin From Net: NetName=GND Pin=CPU-43
Removed Pin From Net: NetName=GND Pin=OSC-4
Removed Pin From Net: NetName=GND Pin=PB1-1
Removed Pin From Net: NetName=GND Pin=R1-1
Removed Pin From Net: NetName=GND Pin=R4-2
Removed Pin From Net: NetName=GND Pin=R12-1
Removed Pin From Net: NetName=GND Pin=R13-1
Removed Pin From Net: NetName=GND Pin=R14-1
Removed Pin From Net: NetName=GND Pin=R15-1
Removed Pin From Net: NetName=GND Pin=R16-1
Removed Pin From Net: NetName=GND Pin=R17-1
Removed Pin From Net: NetName=GND Pin=R18-1
Removed Pin From Net: NetName=GND Pin=R19-1
Removed Pin From Net: NetName=GND Pin=R20-1
Removed Pin From Net: NetName=GND Pin=R23-1
Removed Pin From Net: NetName=GND Pin=R24-1
Removed Pin From Net: NetName=GND Pin=R25-1
Removed Pin From Net: NetName=GND Pin=RE1-2
Removed Pin From Net: NetName=GND Pin=RE2-2
Removed Pin From Net: NetName=NetPB3_2 Pin=U1-4
Removed Pin From Net: NetName=NetPB4_2 Pin=U1-5
Removed Pin From Net: NetName=NetPB5_2 Pin=U1-6
Removed Pin From Net: NetName=NetPB6_2 Pin=U1-7
Removed Pin From Net: NetName=NetPB7_2 Pin=U1-8
Removed Pin From Net: NetName=NetPB8_2 Pin=U1-9
Removed Pin From Net: NetName=GND Pin=U1-20
Removed Pin From Net: NetName=GND Pin=U2-2
Removed Pin From Net: NetName=GND Pin=U2-3
Removed Pin From Net: NetName=GND Pin=U3-32
Removed Pin From Net: NetName=GND Pin=U4-32
Removed Pin From Net: NetName=GND Pin=U5-20
Removed Pin From Net: NetName=GND Pin=U6-20
Removed Pin From Net: NetName=GND Pin=U7-20
Removed Pin From Net: NetName=GND Pin=U8-20
Removed Pin From Net: NetName=GND Pin=U9-20
Removed Pin From Net: NetName=GND Pin=U10-20
Removed Member From Class: ClassName=Jukebox Schematic Member=W1
Change Component DesignItemId : Designator=PB1 Old DesignItemId=SW-PB New DesignItemId=SWITCH-PBNC
Change Component Footprint: Designator=PB1 Old Footprint=PB_EG4791 New Footprint=SIP2
Change Component Comment : Designator=PB1 Old Comment=SW-PB New Comment=SWITCH-PBNC
Change Component Designator: OldDesignator=CPU NewDesignator=U1
Change Component Designator: OldDesignator=OSC NewDesignator=24 MHz
Change Component Designator: OldDesignator=U1 NewDesignator=U14
Added Component: Designator=C11(C0805)
Added Component: Designator=C13(C0805)
Added Component: Designator=C14(C0805)
Added Component: Designator=C15(C0805)
Added Component: Designator=LCD1(20x4Disp)
Added Component: Designator=R26(AXIAL-0.3)
Added Component: Designator=R27(AXIAL-0.3)
Added Component: Designator=U11(SOT-23-6)
Added Component: Designator=U15(PLCC44)
Added Pin To Net: NetName=GND Pin=C11-2
Added Pin To Net: NetName=GND Pin=C13-2
Added Pin To Net: NetName=GND Pin=C14-2
Added Pin To Net: NetName=GND Pin=C15-2
Added Pin To Net: NetName=GND Pin=LCD1-1
Added Pin To Net: NetName=WR Pin=LCD1-5
Added Pin To Net: NetName=D0 Pin=LCD1-7
Added Pin To Net: NetName=D1 Pin=LCD1-8
Added Pin To Net: NetName=D2 Pin=LCD1-9
Added Pin To Net: NetName=D3 Pin=LCD1-10
Added Pin To Net: NetName=D4 Pin=LCD1-11
Added Pin To Net: NetName=D5 Pin=LCD1-12
Added Pin To Net: NetName=D6 Pin=LCD1-13
Added Pin To Net: NetName=D7 Pin=LCD1-14
Added Pin To Net: NetName=NetPB3_2 Pin=U14-2
Added Pin To Net: NetName=NetPB4_2 Pin=U14-3
Added Pin To Net: NetName=NetPB5_2 Pin=U14-4
Added Pin To Net: NetName=NetPB6_2 Pin=U14-5
Added Pin To Net: NetName=NetPB7_2 Pin=U14-6
Added Pin To Net: NetName=NetPB8_2 Pin=U14-7
Added Pin To Net: NetName=D5 Pin=U14-14
Added Pin To Net: NetName=D4 Pin=U14-15
Added Pin To Net: NetName=D3 Pin=U14-16
Added Pin To Net: NetName=D2 Pin=U14-17
Added Pin To Net: NetName=D1 Pin=U14-18
Added Pin To Net: NetName=D0 Pin=U14-19
Added Pin To Net: NetName=GND Pin=U15-1
Added Pin To Net: NetName=GND Pin=U15-13
Added Pin To Net: NetName=GND Pin=U15-23
Change Net Name : Old Net Name=NetCPU_2 New Net Name=CPU_AD7
Change Net Name : Old Net Name=NetCPU_4 New Net Name=CPU_AD6
Change Net Name : Old Net Name=NetCPU_6 New Net Name=CPU_AD5
Change Net Name : Old Net Name=NetCPU_8 New Net Name=CPU_AD4
Change Net Name : Old Net Name=NetCPU_11 New Net Name=CPU_AD3
Change Net Name : Old Net Name=NetCPU_13 New Net Name=CPU_AD2
Change Net Name : Old Net Name=NetCPU_15 New Net Name=CPU_AD1
Change Net Name : Old Net Name=NetCPU_17 New Net Name=CPU_AD0
Change Net Name : Old Net Name=NetCPU_18 New Net Name=NetR5_2
Change Net Name : Old Net Name=NetCPU_19 New Net Name=NetR11_2
Change Net Name : Old Net Name=NetCPU_20 New Net Name=NetR23_2
Change Net Name : Old Net Name=NetCPU_21 New Net Name=NetR24_2
Change Net Name : Old Net Name=NetCPU_39 New Net Name=NetU1_39
Change Net Name : Old Net Name=NetCPU_40 New Net Name=NetU1_40
Change Net Name : Old Net Name=NetCPU_42 New Net Name=NetR14_2
Change Net Name : Old Net Name=NetCPU_44 New Net Name=NetR13_2
Change Net Name : Old Net Name=NetCPU_45 New Net Name=NetR12_2
Change Net Name : Old Net Name=NetCPU_46 New Net Name=NetJP1_2
Change Net Name : Old Net Name=NetCPU_47 New Net Name=NetU1_47
Change Net Name : Old Net Name=NetCPU_49 New Net Name=NetR16_2
Change Net Name : Old Net Name=NetCPU_50 New Net Name=NetR18_2
Change Net Name : Old Net Name=NetCPU_55 New Net Name=NetR21_2
Change Net Name : Old Net Name=NetCPU_56 New Net Name=NetU1_56
Change Net Name : Old Net Name=NetCPU_59 New Net Name=Net24 MHz_3
Change Net Name : Old Net Name=NetCPU_61 New Net Name=NetU1_61
Change Net Name : Old Net Name=NetCPU_62 New Net Name=NetU1_62
Change Net Name : Old Net Name=NetCPU_63 New Net Name=NetU1_63
Added Pin To Net: NetName=NetJP1_3 Pin=JP1-3
Added Net: Name=NetJP1_3
Added Pin To Net: NetName=NetLCD1_3 Pin=LCD1-3
Added Pin To Net: NetName=NetLCD1_3 Pin=U11-5
Added Net: Name=NetLCD1_3
Added Pin To Net: NetName=NetLCD1_4 Pin=LCD1-4
Added Pin To Net: NetName=NetLCD1_4 Pin=U15-39
Added Net: Name=NetLCD1_4
Added Pin To Net: NetName=NetLCD1_6 Pin=LCD1-6
Added Pin To Net: NetName=NetLCD1_6 Pin=U15-38
Added Net: Name=NetLCD1_6
Added Pin To Net: NetName=NetLCD1_15 Pin=R1-1
Added Net: Name=NetLCD1_15
Added Pin To Net: NetName=NetPB1_2 Pin=PB1-2
Added Pin To Net: NetName=NetPB1_2 Pin=R2-2
Added Pin To Net: NetName=NetPB1_2 Pin=R22-2
Added Pin To Net: NetName=NetPB1_2 Pin=U2-2
Added Net: Name=NetPB1_2
Added Pin To Net: NetName=NetPB2_2 Pin=PB2-2
Added Net: Name=NetPB2_2
Added Pin To Net: NetName=NetR15_2 Pin=R15-2
Added Pin To Net: NetName=NetR15_2 Pin=U15-35
Added Net: Name=NetR15_2
Added Pin To Net: NetName=NetR26_2 Pin=R22-2
Added Pin To Net: NetName=NetR26_2 Pin=U1-51
Added Net: Name=NetR26_2
Added Pin To Net: NetName=NetR27_2 Pin=R15-2
Added Pin To Net: NetName=NetR27_2 Pin=U1-41
Added Net: Name=NetR27_2
Added Pin To Net: NetName=NetU1_24 Pin=U1-24
Added Pin To Net: NetName=NetU1_24 Pin=U2-7
Added Net: Name=NetU1_24
Added Pin To Net: NetName=NetU10_11 Pin=U10-11
Added Pin To Net: NetName=NetU10_11 Pin=U15-33
Added Net: Name=NetU10_11
Added Pin To Net: NetName=NetU10_17 Pin=U10-17
Added Pin To Net: NetName=NetU10_17 Pin=U15-15
Added Net: Name=NetU10_17
Added Pin To Net: NetName=NetU10_18 Pin=U10-18
Added Pin To Net: NetName=NetU10_18 Pin=U14-1
Added Net: Name=NetU10_18
Added Pin To Net: NetName=NetU11_3 Pin=U11-3
Added Pin To Net: NetName=NetU11_3 Pin=U15-32
Added Net: Name=NetU11_3
Added Pin To Net: NetName=NetU11_4 Pin=U11-4
Added Pin To Net: NetName=NetU11_4 Pin=U15-31
Added Net: Name=NetU11_4
Added Pin To Net: NetName=RE1A Pin=RE1-1
Added Pin To Net: NetName=RE1A Pin=U15-6
Added Net: Name=RE1A
Added Pin To Net: NetName=RE1B Pin=RE1-3
Added Pin To Net: NetName=RE1B Pin=U15-5
Added Net: Name=RE1B
Added Pin To Net: NetName=RE2A Pin=RE2-1
Added Pin To Net: NetName=RE2A Pin=U15-4
Added Net: Name=RE2A
Added Pin To Net: NetName=RE2B Pin=RE2-3
Added Pin To Net: NetName=RE2B Pin=U15-3
Added Net: Name=RE2B
Added Pin To Net: NetName=VCC Pin=24 MHz-4
Added Pin To Net: NetName=VCC Pin=C0-1
Added Pin To Net: NetName=VCC Pin=C1-1
Added Pin To Net: NetName=VCC Pin=C2-1
Added Pin To Net: NetName=VCC Pin=C3-1
Added Pin To Net: NetName=VCC Pin=C4-1
Added Pin To Net: NetName=VCC Pin=C5-1
Added Pin To Net: NetName=VCC Pin=C6-1
Added Pin To Net: NetName=VCC Pin=C7-1
Added Pin To Net: NetName=VCC Pin=C8-1
Added Pin To Net: NetName=VCC Pin=C9-1
Added Pin To Net: NetName=VCC Pin=C10-1
Added Pin To Net: NetName=VCC Pin=C11-1
Added Pin To Net: NetName=VCC Pin=C12-1
Added Pin To Net: NetName=VCC Pin=C13-1
Added Pin To Net: NetName=VCC Pin=C14-1
Added Pin To Net: NetName=VCC Pin=C15-1
Added Pin To Net: NetName=VCC Pin=LCD1-2
Added Pin To Net: NetName=VCC Pin=PB1-1
Added Pin To Net: NetName=VCC Pin=R1-2
Added Pin To Net: NetName=VCC Pin=R2-1
Added Pin To Net: NetName=VCC Pin=R4-2
Added Pin To Net: NetName=VCC Pin=R12-1
Added Pin To Net: NetName=VCC Pin=R13-1
Added Pin To Net: NetName=VCC Pin=R14-1
Added Pin To Net: NetName=VCC Pin=R15-1
Added Pin To Net: NetName=VCC Pin=R16-1
Added Pin To Net: NetName=VCC Pin=R17-1
Added Pin To Net: NetName=VCC Pin=R18-1
Added Pin To Net: NetName=VCC Pin=R19-1
Added Pin To Net: NetName=VCC Pin=R20-1
Added Pin To Net: NetName=VCC Pin=R23-1
Added Pin To Net: NetName=VCC Pin=R24-1
Added Pin To Net: NetName=VCC Pin=R25-1
Added Pin To Net: NetName=VCC Pin=R22-1
Added Pin To Net: NetName=VCC Pin=R15-1
Added Pin To Net: NetName=VCC Pin=RE1-2
Added Pin To Net: NetName=VCC Pin=RE2-2
Added Pin To Net: NetName=VCC Pin=U1-9
Added Pin To Net: NetName=VCC Pin=U1-43
Added Pin To Net: NetName=VCC Pin=U3-32
Added Pin To Net: NetName=VCC Pin=U4-32
Added Pin To Net: NetName=VCC Pin=U5-20
Added Pin To Net: NetName=VCC Pin=U6-20
Added Pin To Net: NetName=VCC Pin=U7-20
Added Pin To Net: NetName=VCC Pin=U8-20
Added Pin To Net: NetName=VCC Pin=U9-20
Added Pin To Net: NetName=VCC Pin=U10-20
Added Pin To Net: NetName=VCC Pin=U14-20
Added Pin To Net: NetName=VCC Pin=U15-12
Added Pin To Net: NetName=VCC Pin=U15-34
Added Net: Name=VCC
Added Member To Class: ClassName=Jukebox Schematic Member=Component C11 Cap Pol3
Added Member To Class: ClassName=Jukebox Schematic Member=Component C13 Cap Pol3
Added Member To Class: ClassName=Jukebox Schematic Member=Component C14 Cap Pol3
Added Member To Class: ClassName=Jukebox Schematic Member=Component C15 Cap Pol3
Added Member To Class: ClassName=Jukebox Schematic Member=Component LCD1 NHD-0420DZ-FSW-FBW
Added Member To Class: ClassName=Jukebox Schematic Member=Component R26 Res1
Added Member To Class: ClassName=Jukebox Schematic Member=Component R27 Res1
Added Member To Class: ClassName=Jukebox Schematic Member=Component U11 MCP4013
Added Member To Class: ClassName=Jukebox Schematic Member=Component U15 ISPLSI1016
Added Rule: Name=Schematic Width Constraint
Added Rule: Name=Schematic Width Constraint_1
