Removed Pin From Net: NetName=GND Pin=PB2-1
Removed Pin From Net: NetName=GND Pin=PB3-1
Removed Pin From Net: NetName=GND Pin=PB4-1
Removed Pin From Net: NetName=GND Pin=PB5-1
Removed Pin From Net: NetName=GND Pin=PB6-1
Removed Pin From Net: NetName=GND Pin=PB7-1
Removed Pin From Net: NetName=GND Pin=PB8-1
Removed Member From Class: ClassName=Jukebox Schematic Member=PB2
Removed Member From Class: ClassName=Jukebox Schematic Member=PB3
Removed Member From Class: ClassName=Jukebox Schematic Member=PB4
Removed Member From Class: ClassName=Jukebox Schematic Member=PB5
Removed Member From Class: ClassName=Jukebox Schematic Member=PB6
Removed Member From Class: ClassName=Jukebox Schematic Member=PB7
Removed Member From Class: ClassName=Jukebox Schematic Member=PB8
Added Component: Designator=S1(PB_EG4791)
Added Component: Designator=S2(PB_EG4791)
Added Component: Designator=S3(PB_EG4791)
Added Component: Designator=S4(PB_EG4791)
Added Component: Designator=S5(PB_EG4791)
Added Component: Designator=S6(PB_EG4791)
Added Component: Designator=S7(PB_EG4791)
Added Pin To Net: NetName=GND Pin=S1-1
Added Pin To Net: NetName=GND Pin=S2-1
Added Pin To Net: NetName=GND Pin=S3-1
Added Pin To Net: NetName=GND Pin=S4-1
Added Pin To Net: NetName=GND Pin=S5-1
Added Pin To Net: NetName=GND Pin=S6-1
Added Pin To Net: NetName=GND Pin=S7-1
Added Pin To Net: NetName=NetS1_2 Pin=S1-2
Added Pin To Net: NetName=NetS1_2 Pin=U14-2
Added Net: Name=NetS1_2
Added Pin To Net: NetName=NetS2_2 Pin=S2-2
Added Pin To Net: NetName=NetS2_2 Pin=U14-3
Added Net: Name=NetS2_2
Added Pin To Net: NetName=NetS3_2 Pin=S3-2
Added Pin To Net: NetName=NetS3_2 Pin=U14-4
Added Net: Name=NetS3_2
Added Pin To Net: NetName=NetS4_2 Pin=S4-2
Added Pin To Net: NetName=NetS4_2 Pin=U14-5
Added Net: Name=NetS4_2
Added Pin To Net: NetName=NetS5_2 Pin=S5-2
Added Pin To Net: NetName=NetS5_2 Pin=U14-6
Added Net: Name=NetS5_2
Added Pin To Net: NetName=NetS6_2 Pin=S6-2
Added Pin To Net: NetName=NetS6_2 Pin=U14-7
Added Net: Name=NetS6_2
Added Pin To Net: NetName=NetS7_2 Pin=S7-2
Added Pin To Net: NetName=NetS7_2 Pin=U13-2
Added Net: Name=NetS7_2
Added Member To Class: ClassName=Jukebox Schematic Member=Component S1 SW-PB
Added Member To Class: ClassName=Jukebox Schematic Member=Component S2 SW-PB
Added Member To Class: ClassName=Jukebox Schematic Member=Component S3 SW-PB
Added Member To Class: ClassName=Jukebox Schematic Member=Component S4 SW-PB
Added Member To Class: ClassName=Jukebox Schematic Member=Component S5 SW-PB
Added Member To Class: ClassName=Jukebox Schematic Member=Component S6 SW-PB
Added Member To Class: ClassName=Jukebox Schematic Member=Component S7 SW-PB
